site1	site2	site2_aa	distance
122	19	ALA	52.901432
122	20	LYS	52.369034
122	21	LYS	50.06462
122	22	GLU	49.00282
122	23	ARG	51.592663
122	24	ASP	53.894573
122	25	MET	52.095722
122	26	ASP	51.31037
122	27	GLU	53.49888
122	28	LEU	56.908108
122	29	LYS	57.761093
122	30	LYS	58.755604
122	31	GLU	62.088966
122	32	VAL	63.934704
122	33	SER	67.46023
122	34	MET	68.62058
122	35	ASP	70.95324
122	36	ASP	74.26842
122	37	HIS	75.96524
122	38	LYS	78.61075
122	39	LEU	80.57374
122	40	SER	83.69812
122	41	LEU	83.29366
122	42	ASP	84.870056
122	43	GLU	82.15007
122	44	LEU	79.50197
122	45	HIS	81.00628
122	46	ARG	81.13092
122	47	LYS	77.549904
122	48	TYR	76.07488
122	49	GLY	79.05007
122	50	THR	79.29987
122	51	ASP	82.39012
122	52	LEU	82.180756
122	53	SER	83.50791
122	54	ARG	83.43784
122	55	GLY	79.762375
122	56	LEU	77.80465
122	57	THR	78.00784
122	58	PRO	75.382835
122	59	ALA	75.22614
122	60	ARG	74.60575
122	61	ALA	72.10358
122	62	ALA	69.51221
122	63	GLU	70.55327
122	64	ILE	68.85367
122	65	LEU	65.8946
122	66	ALA	64.75457
122	67	ARG	65.1339
122	68	ASP	63.840252
122	69	GLY	61.205257
122	70	PRO	61.135662
122	71	ASN	61.83196
122	72	ALA	58.483746
122	73	LEU	55.283375
122	74	THR	51.932556
122	75	PRO	48.62344
122	76	PRO	46.18043
122	77	PRO	43.956924
122	78	THR	40.868576
122	79	THR	38.688168
122	80	PRO	35.048107
122	81	GLU	32.64915
122	82	TRP	29.478586
122	83	VAL	29.904655
122	84	LYS	30.041021
122	85	PHE	27.120073
122	86	CYS	25.085762
122	87	ARG	25.696466
122	88	GLN	22.193413
122	89	LEU	21.467863
122	90	PHE	22.821041
122	91	GLY	23.00926
122	92	GLY	22.610432
122	93	PHE	19.651192
122	94	SER	17.787987
122	95	MET	18.156124
122	96	LEU	15.747914
122	97	LEU	13.497907
122	98	TRP	13.749515
122	99	ILE	13.755153
122	100	GLY	10.710754
122	101	ALA	8.604176
122	102	ILE	9.994593
122	103	LEU	9.384749
122	104	CYS	5.691818
122	105	PHE	6.3503466
122	106	LEU	8.137189
122	107	ALA	5.9376516
122	108	TYR	5.49782
122	109	GLY	9.100672
122	110	ILE	10.596459
122	111	GLN	10.810365
122	112	ALA	14.29129
122	113	ALA	15.82182
122	114	THR	14.354064
122	115	GLU	10.532344
122	116	GLU	11.249712
122	117	GLU	9.352642
122	118	PRO	6.229182
122	119	GLN	6.9180756
122	120	ASN	6.6715784
122	121	ASP	3.8102348
122	122	ASN	0.0
122	123	LEU	3.8005042
122	124	TYR	5.236209
122	125	LEU	4.7421384
122	126	GLY	5.6821413
122	127	VAL	8.45624
122	128	VAL	9.309552
122	129	LEU	10.00139
122	130	SER	11.339216
122	131	ALA	13.896313
122	132	VAL	14.736464
122	133	VAL	16.183199
122	134	ILE	18.056107
122	135	ILE	19.432838
122	136	THR	20.09549
122	137	GLY	22.312336
122	138	CYS	24.479282
122	139	PHE	25.686523
122	140	SER	26.024664
122	141	TYR	28.063303
122	142	TYR	30.15237
122	143	GLN	31.407455
122	144	GLU	33.364063
122	145	ALA	34.60907
122	146	LYS	36.41349
122	147	SER	39.34967
122	148	SER	42.223
122	149	LYS	45.436123
122	150	ILE	48.594395
122	151	MET	50.560448
122	152	GLU	49.99489
122	153	SER	52.781734
122	154	PHE	54.96048
122	155	LYS	55.303444
122	156	ASN	55.9761
122	157	MET	58.957447
122	158	VAL	61.02939
122	159	PRO	63.480137
122	160	GLN	63.210903
122	161	GLN	66.87847
122	162	ALA	69.45573
122	163	LEU	73.23425
122	164	VAL	74.44955
122	165	ILE	77.71973
122	166	ARG	78.051216
122	167	ASN	80.887
122	168	GLY	83.10075
122	169	GLU	81.621544
122	170	LYS	78.93007
122	171	MET	75.91243
122	172	SER	72.529854
122	173	ILE	69.12678
122	174	ASN	65.394394
122	175	ALA	64.87048
122	176	GLU	62.538265
122	177	GLU	65.66573
122	178	VAL	67.56018
122	179	VAL	68.07446
122	180	VAL	69.28575
122	181	GLY	73.04292
122	182	ASP	74.32926
122	183	LEU	75.783646
122	184	VAL	74.47012
122	185	GLU	76.17388
122	186	VAL	74.41406
122	187	LYS	75.761696
122	188	GLY	74.881676
122	189	GLY	71.60779
122	190	ASP	69.73595
122	191	ARG	66.95622
122	192	ILE	68.12158
122	193	PRO	66.94984
122	194	ALA	66.27498
122	195	ASP	67.633575
122	196	LEU	71.353226
122	197	ARG	74.58357
122	198	ILE	77.09028
122	199	ILE	80.446754
122	200	SER	82.12178
122	201	ALA	81.60475
122	202	ASN	83.409065
122	203	GLY	82.25076
122	204	CYS	78.66461
122	205	LYS	76.174934
122	206	VAL	72.46572
122	207	ASP	69.67633
122	208	ASN	67.635544
122	209	SER	65.02929
122	210	SER	62.054398
122	211	LEU	63.4507
122	212	THR	65.682945
122	213	GLY	63.717064
122	214	GLU	67.13221
122	215	SER	68.34858
122	216	GLU	72.18002
122	217	PRO	73.48019
122	218	GLN	74.74162
122	219	THR	77.52073
122	220	ARG	77.891685
122	221	SER	80.94368
122	222	PRO	81.46542
122	223	ASP	82.542656
122	224	PHE	81.85629
122	225	THR	79.661316
122	226	ASN	77.89503
122	227	GLU	74.52382
122	228	ASN	74.43055
122	229	PRO	71.579735
122	230	LEU	69.844894
122	231	GLU	72.88589
122	232	THR	75.62
122	233	ARG	77.031296
122	234	ASN	77.016014
122	235	ILE	73.308876
122	236	ALA	71.0954
122	237	PHE	67.32324
122	238	PHE	64.44336
122	239	SER	62.809887
122	240	THR	65.965294
122	241	ASN	68.38071
122	242	CYS	72.12175
122	243	VAL	73.358505
122	244	GLU	77.03466
122	245	GLY	79.636246
122	246	THR	78.96454
122	247	ALA	78.368774
122	248	ARG	78.0093
122	249	GLY	76.230255
122	250	ILE	74.64676
122	251	VAL	70.91409
122	252	VAL	70.3077
122	253	TYR	66.49685
122	254	THR	64.17943
122	255	GLY	60.722534
122	256	ASP	58.05955
122	257	ARG	60.978962
122	258	THR	62.679127
122	259	VAL	62.48363
122	260	MET	60.05166
122	261	GLY	58.243042
122	262	ARG	57.638725
122	263	ILE	56.228794
122	264	ALA	54.462433
122	265	THR	52.712315
122	266	LEU	52.221592
122	267	ALA	51.07983
122	268	SER	48.367313
122	269	GLY	47.111004
122	270	LEU	46.882267
122	271	GLU	43.673546
122	272	GLY	43.163876
122	273	GLY	39.942783
122	274	GLN	37.71429
122	275	THR	38.107124
122	276	PRO	38.577766
122	277	ILE	36.140507
122	278	ALA	33.67835
122	279	ALA	34.4207
122	280	GLU	33.62984
122	281	ILE	30.179598
122	282	GLU	30.16663
122	283	HIS	31.702274
122	284	PHE	29.087671
122	285	ILE	25.989616
122	286	HIS	26.914995
122	287	ILE	27.729923
122	288	ILE	24.442806
122	289	THR	22.71991
122	290	GLY	25.090963
122	291	VAL	23.536716
122	292	ALA	20.226393
122	293	VAL	20.588997
122	294	PHE	23.658003
122	295	LEU	21.297428
122	296	GLY	17.957144
122	297	VAL	19.284502
122	298	SER	22.009699
122	299	PHE	19.809162
122	300	PHE	17.787218
122	301	ILE	21.405653
122	302	LEU	23.552124
122	303	SER	21.297972
122	304	LEU	18.976868
122	305	ILE	22.470741
122	306	LEU	21.624277
122	307	GLU	21.624615
122	308	TYR	17.848257
122	309	THR	15.91261
122	310	TRP	14.4495125
122	311	LEU	10.876317
122	312	GLU	12.044601
122	313	ALA	13.467013
122	314	VAL	10.567176
122	315	ILE	8.180488
122	316	PHE	11.505777
122	317	LEU	12.060869
122	318	ILE	9.264294
122	319	GLY	10.620134
122	320	ILE	14.250821
122	321	ILE	13.506091
122	322	VAL	12.324698
122	323	ALA	15.065848
122	324	ASN	17.632074
122	325	VAL	17.76407
122	326	PRO	19.470892
122	327	GLU	17.449974
122	328	GLY	20.433226
122	329	LEU	23.55744
122	330	LEU	24.68509
122	331	ALA	24.09195
122	332	THR	26.325706
122	333	VAL	29.102886
122	334	THR	29.172796
122	335	VAL	30.104988
122	336	CYS	32.419155
122	337	LEU	34.172916
122	338	THR	34.187332
122	339	LEU	36.0525
122	340	THR	38.74678
122	341	ALA	39.34911
122	342	LYS	39.613945
122	343	ARG	41.848915
122	344	MET	44.35285
122	345	ALA	44.641388
122	346	ARG	46.159893
122	347	LYS	48.75999
122	348	ASN	48.704533
122	349	CYS	48.195667
122	350	LEU	45.297752
122	351	VAL	42.404568
122	352	LYS	40.999035
122	353	ASN	38.577263
122	354	LEU	36.579483
122	355	GLU	36.369835
122	356	ALA	40.131893
122	357	VAL	40.388054
122	358	GLU	39.53898
122	359	THR	41.572807
122	360	LEU	44.740982
122	361	GLY	44.346043
122	362	SER	43.66421
122	363	THR	46.79546
122	364	SER	49.682854
122	365	THR	52.191208
122	366	ILE	53.33392
122	367	CYS	55.289932
122	368	SER	57.357525
122	369	ASP	59.432083
122	370	LYS	62.647537
122	371	THR	63.912617
122	372	GLY	61.76427
122	373	THR	59.30675
122	374	LEU	61.323463
122	375	THR	64.49473
122	376	GLN	64.4915
122	377	ASN	66.27081
122	378	ARG	69.30735
122	379	MET	72.8263
122	380	THR	73.97662
122	381	VAL	77.294876
122	382	ALA	76.79221
122	383	HIS	80.25021
122	384	MET	83.86166
122	385	TRP	87.26895
122	386	SER	89.40942
122	387	ASP	92.33985
122	388	ASN	92.38517
122	389	GLN	89.105354
122	390	ILE	85.423
122	391	HIS	82.86253
122	392	GLU	79.071526
122	393	ALA	77.00432
122	394	ASP	73.62648
122	395	THR	72.03925
122	396	THR	68.80163
122	397	GLU	67.06691
122	398	ASN	69.36176
122	399	GLN	68.992714
122	400	SER	71.15567
122	401	GLY	74.171005
122	402	VAL	76.224525
122	403	SER	79.28991
122	404	PHE	81.869576
122	405	ASP	84.82549
122	406	LYS	86.18111
122	407	THR	89.464
122	408	SER	92.04921
122	409	ALA	93.79933
122	410	THR	93.19356
122	411	TRP	89.52555
122	412	LEU	90.68379
122	413	ALA	92.40583
122	414	LEU	89.75855
122	415	SER	87.49743
122	416	ARG	89.35322
122	417	ILE	89.92209
122	418	ALA	86.227715
122	419	GLY	85.941284
122	420	LEU	88.81956
122	421	CYS	88.7348
122	422	ASN	85.32483
122	423	ARG	83.83957
122	424	ALA	80.572296
122	425	VAL	79.065285
122	426	PHE	75.83147
122	427	GLN	74.123955
122	428	ALA	72.68412
122	429	ASN	73.81315
122	430	GLN	71.3614
122	431	GLU	71.35321
122	432	ASN	68.69057
122	433	LEU	70.574326
122	434	PRO	68.95311
122	435	ILE	72.40476
122	436	LEU	70.77151
122	437	LYS	67.827484
122	438	ARG	70.174095
122	439	ALA	70.98775
122	440	VAL	73.70866
122	441	ALA	75.93414
122	442	GLY	78.2095
122	443	ASP	76.55999
122	444	ALA	75.08989
122	445	SER	78.38708
122	446	GLU	79.99079
122	447	SER	77.27408
122	448	ALA	76.50454
122	449	LEU	79.97209
122	450	LEU	79.88914
122	451	LYS	76.77837
122	452	CYS	78.324135
122	453	ILE	81.0456
122	454	GLU	78.9289
122	455	LEU	77.40214
122	456	CYS	80.96057
122	457	CYS	84.30744
122	458	GLY	83.106995
122	459	SER	82.38299
122	460	VAL	83.88137
122	461	LYS	84.060814
122	462	GLU	86.68071
122	463	MET	88.30205
122	464	ARG	88.44288
122	465	GLU	90.46627
122	466	ARG	92.41612
122	467	TYR	94.07894
122	468	THR	94.533676
122	469	LYS	94.31621
122	470	ILE	97.33297
122	471	VAL	96.736404
122	472	GLU	93.97404
122	473	ILE	93.79613
122	474	PRO	90.3651
122	475	PHE	87.88076
122	476	ASN	88.53516
122	477	SER	90.21992
122	478	THR	90.25741
122	479	ASN	93.160675
122	480	LYS	90.880844
122	481	TYR	91.176315
122	482	GLN	90.957115
122	483	LEU	93.38191
122	484	SER	94.44535
122	485	ILE	97.25563
122	486	HIS	96.64493
122	487	LYS	99.15681
122	488	ASN	99.19042
122	489	PRO	99.49934
122	490	ASN	100.8754
122	491	THR	104.3816
122	492	ALA	106.15157
122	493	GLU	105.23319
122	494	PRO	104.95363
122	495	ARG	104.154
122	496	HIS	102.14926
122	497	LEU	99.170135
122	498	LEU	97.73984
122	499	VAL	94.61838
122	500	MET	92.89877
122	501	LYS	90.025665
122	502	GLY	88.96638
122	503	ALA	88.389435
122	504	PRO	89.12639
122	505	GLU	91.68891
122	506	ARG	93.634926
122	507	ILE	93.824905
122	508	LEU	95.14629
122	509	ASP	97.73648
122	510	ARG	99.39185
122	511	CYS	100.000916
122	512	SER	102.73732
122	513	SER	101.631584
122	514	ILE	98.32656
122	515	LEU	97.31849
122	516	ILE	96.96996
122	517	HIS	95.960556
122	518	GLY	98.294815
122	519	LYS	101.41372
122	520	GLU	102.08652
122	521	GLN	103.22178
122	522	PRO	103.96889
122	523	LEU	101.79987
122	524	ASP	102.87786
122	525	GLU	101.78158
122	526	GLU	100.43615
122	527	LEU	97.503494
122	528	LYS	97.05763
122	529	ASP	95.45823
122	530	ALA	92.99278
122	531	PHE	92.17172
122	532	GLN	91.24715
122	533	ASN	89.31187
122	534	ALA	87.285866
122	535	TYR	86.71483
122	536	LEU	85.60564
122	537	GLU	84.083405
122	538	LEU	81.962074
122	539	GLY	81.40635
122	540	GLY	79.79029
122	541	LEU	76.92249
122	542	GLY	76.56771
122	543	GLU	77.272354
122	544	ARG	79.67693
122	545	VAL	83.00278
122	546	LEU	85.51172
122	547	GLY	89.133224
122	548	PHE	90.35011
122	549	CYS	93.98246
122	550	HIS	96.29326
122	551	LEU	99.94775
122	552	PHE	102.1964
122	553	LEU	104.74035
122	554	PRO	108.18027
122	555	ASP	109.8009
122	556	GLU	113.34819
122	557	GLN	111.44436
122	558	PHE	109.050705
122	559	PRO	110.12657
122	560	GLU	107.55323
122	561	GLY	106.778435
122	562	PHE	107.58839
122	563	GLN	106.35406
122	564	PHE	103.68536
122	565	ASP	103.10176
122	566	THR	99.35646
122	567	ASP	98.650085
122	568	ASP	102.19377
122	569	VAL	103.86665
122	570	ASN	105.68213
122	571	PHE	104.74158
122	572	PRO	104.28816
122	573	LEU	101.396774
122	574	ASP	102.56852
122	575	ASN	103.71368
122	576	LEU	100.792175
122	577	CYS	99.02306
122	578	PHE	95.889404
122	579	VAL	93.59613
122	580	GLY	90.45467
122	581	LEU	87.321365
122	582	ILE	83.76078
122	583	SER	80.675125
122	584	MET	77.330635
122	585	ILE	73.97514
122	586	ASP	70.234825
122	587	PRO	69.23698
122	588	PRO	65.99797
122	589	ARG	63.625404
122	590	ALA	64.04894
122	591	ALA	61.094364
122	592	VAL	61.07087
122	593	PRO	63.868565
122	594	ASP	61.985992
122	595	ALA	58.38704
122	596	VAL	59.079247
122	597	GLY	60.381397
122	598	LYS	57.183376
122	599	CYS	55.07962
122	600	ARG	57.52967
122	601	SER	57.191956
122	602	ALA	53.63647
122	603	GLY	54.789524
122	604	ILE	53.632854
122	605	LYS	55.981564
122	606	VAL	57.270016
122	607	ILE	59.255806
122	608	MET	61.209137
122	609	VAL	60.464645
122	610	THR	63.146133
122	611	GLY	65.06787
122	612	ASP	67.89377
122	613	HIS	70.96012
122	614	PRO	71.50453
122	615	ILE	73.98779
122	616	THR	71.82213
122	617	ALA	68.533585
122	618	LYS	70.09066
122	619	ALA	72.0477
122	620	ILE	68.8618
122	621	ALA	66.860634
122	622	LYS	69.27213
122	623	GLY	69.04354
122	624	VAL	65.32031
122	625	GLY	65.19114
122	626	ILE	63.67369
122	627	ILE	66.80648
122	628	SER	68.94284
122	629	GLU	71.83619
122	630	GLY	72.544014
122	631	ASN	72.8119
122	632	GLU	73.4988
122	633	THR	76.17085
122	634	VAL	77.939255
122	635	GLU	78.91703
122	636	ASP	80.15529
122	637	ILE	83.00355
122	638	ALA	82.88131
122	639	ALA	84.384636
122	640	ARG	84.88906
122	641	LEU	85.61378
122	642	ASN	83.45572
122	643	ILE	79.96046
122	644	PRO	79.4607
122	645	VAL	81.62933
122	646	SER	80.559875
122	647	GLN	78.01188
122	648	VAL	75.18411
122	649	ASN	74.26264
122	650	PRO	74.4118
122	651	ARG	71.74783
122	652	ASP	73.334625
122	653	ALA	71.43749
122	654	LYS	67.99113
122	655	ALA	67.59163
122	656	CYS	68.77676
122	657	VAL	68.75959
122	658	VAL	67.645256
122	659	HIS	68.950066
122	660	GLY	66.75279
122	661	SER	69.74451
122	662	ASP	69.20358
122	663	LEU	65.38237
122	664	LYS	65.80518
122	665	ASP	67.47379
122	666	MET	65.01601
122	667	THR	62.48799
122	668	SER	58.97386
122	669	GLU	60.225605
122	670	GLN	63.395382
122	671	LEU	61.284004
122	672	ASP	59.216934
122	673	ASP	62.473118
122	674	ILE	63.800663
122	675	LEU	60.404877
122	676	LYS	59.603542
122	677	TYR	63.038425
122	678	HIS	64.02162
122	679	THR	62.788963
122	680	GLU	64.854385
122	681	ILE	62.20624
122	682	VAL	64.173164
122	683	PHE	64.44509
122	684	ALA	66.55416
122	685	ARG	67.281204
122	686	THR	64.083084
122	687	SER	62.70505
122	688	PRO	59.111637
122	689	GLN	57.9332
122	690	GLN	59.60793
122	691	LYS	57.629086
122	692	LEU	54.502613
122	693	ILE	56.056072
122	694	ILE	56.910683
122	695	VAL	53.428432
122	696	GLU	52.082516
122	697	GLY	54.56727
122	698	CYS	53.39549
122	699	GLN	49.781204
122	700	ARG	50.614014
122	701	GLN	51.52513
122	702	GLY	47.947956
122	703	ALA	48.119835
122	704	ILE	46.555714
122	705	VAL	49.144188
122	706	ALA	49.29409
122	707	VAL	51.77693
122	708	THR	53.567802
122	709	GLY	55.388756
122	710	ASP	56.918736
122	711	GLY	58.521515
122	712	VAL	57.121353
122	713	ASN	58.73673
122	714	ASP	55.789852
122	715	SER	53.025505
122	716	PRO	52.354694
122	717	ALA	52.507046
122	718	SER	50.31241
122	719	LYS	47.562675
122	720	LYS	47.842274
122	721	ALA	48.02151
122	722	ASP	44.833157
122	723	ILE	45.24188
122	724	GLY	47.730682
122	725	VAL	49.649723
122	726	ALA	51.50646
122	727	MET	54.15362
122	728	GLY	53.37234
122	729	ILE	56.83077
122	730	ALA	58.80252
122	731	GLY	56.458225
122	732	SER	56.348076
122	733	ASP	53.916145
122	734	VAL	52.447803
122	735	SER	52.754227
122	736	LYS	50.13138
122	737	GLN	47.96107
122	738	ALA	47.80641
122	739	ALA	47.27432
122	740	ASP	44.218365
122	741	MET	45.9923
122	742	ILE	48.559628
122	743	LEU	51.03744
122	744	LEU	52.21077
122	745	ASP	55.04227
122	746	ASP	56.13876
122	747	ASN	56.333908
122	748	PHE	56.06758
122	749	ALA	55.232952
122	750	SER	51.623264
122	751	ILE	51.10425
122	752	VAL	51.55096
122	753	THR	49.664494
122	754	GLY	46.895626
122	755	VAL	47.213554
122	756	GLU	46.947487
122	757	GLU	44.101078
122	758	GLY	42.347126
122	759	ARG	43.09861
122	760	LEU	41.810635
122	761	ILE	38.261955
122	762	PHE	38.14776
122	763	ASP	38.44373
122	764	ASN	36.756947
122	765	LEU	33.69574
122	766	LYS	33.57861
122	767	LYS	33.75296
122	768	SER	31.134491
122	769	ILE	28.960394
122	770	ALA	29.787394
122	771	TYR	28.608713
122	772	THR	25.561014
122	773	LEU	24.273087
122	774	THR	26.212086
122	775	SER	23.43138
122	776	ASN	21.227873
122	777	ILE	22.730738
122	778	PRO	21.957731
122	779	GLU	18.32218
122	780	ILE	18.379889
122	781	THR	20.727081
122	782	PRO	18.497534
122	783	PHE	16.205399
122	784	LEU	19.506613
122	785	ILE	21.368074
122	786	PHE	18.364834
122	787	ILE	19.487823
122	788	ILE	23.224253
122	789	ALA	23.57349
122	790	ASN	20.653854
122	791	ILE	21.267466
122	792	PRO	18.084421
122	793	LEU	15.357086
122	794	PRO	17.729578
122	795	LEU	15.64009
122	796	GLY	12.038201
122	797	THR	9.596721
122	798	VAL	9.130119
122	799	THR	12.810068
122	800	ILE	13.786564
122	801	LEU	13.056931
122	802	CYS	15.887044
122	803	ILE	18.793716
122	804	ASP	19.624617
122	805	LEU	18.113543
122	806	GLY	19.18069
122	807	THR	21.837683
122	808	ASP	24.003843
122	809	MET	24.133379
122	810	VAL	27.620926
122	811	PRO	29.050571
122	812	ALA	28.324366
122	813	ILE	29.956839
122	814	SER	32.62011
122	815	LEU	33.64099
122	816	ALA	34.90382
122	817	TYR	37.489994
122	818	GLU	38.903046
122	819	GLN	42.458004
122	820	ALA	44.619198
122	821	GLU	45.67586
122	822	SER	49.03141
122	823	ASP	51.5165
122	824	ILE	48.895325
122	825	MET	51.37877
122	826	LYS	53.19768
122	827	ARG	51.053413
122	828	GLN	51.20337
122	829	PRO	48.53561
122	830	ARG	45.336918
122	831	ASN	45.616154
122	832	PRO	42.576942
122	833	LYS	42.57028
122	834	THR	42.724926
122	835	ASP	41.68337
122	836	LYS	38.029823
122	837	LEU	35.438873
122	838	VAL	32.821022
122	839	ASN	34.1991
122	840	GLU	34.85033
122	841	GLN	36.88207
122	842	LEU	33.717934
122	843	ILE	30.941599
122	844	SER	33.196487
122	845	MET	33.85398
122	846	ALA	30.282198
122	847	TYR	28.126156
122	848	GLY	30.676027
122	849	GLN	32.48271
122	850	ILE	30.948566
122	851	GLY	27.341225
122	852	MET	28.460636
122	853	ILE	30.467188
122	854	GLN	27.560223
122	855	ALA	25.41247
122	856	LEU	27.806082
122	857	GLY	28.029013
122	858	GLY	24.44388
122	859	PHE	24.388582
122	860	PHE	27.638304
122	861	THR	26.3313
122	862	TYR	23.57721
122	863	PHE	26.423496
122	864	VAL	28.443811
122	865	ILE	25.44393
122	866	LEU	25.619274
122	867	ALA	29.358463
122	868	GLU	30.563343
122	869	ASN	28.540604
122	870	GLY	28.599213
122	871	PHE	29.219942
122	872	LEU	28.894854
122	873	PRO	30.377499
122	874	ILE	31.68846
122	875	HIS	29.349665
122	876	LEU	25.548037
122	877	LEU	24.555649
122	878	GLY	22.78229
122	879	LEU	19.909113
122	880	ARG	18.925425
122	881	VAL	17.973495
122	882	ASN	17.434599
122	883	TRP	19.017633
122	884	ASP	22.295214
122	885	ASP	22.662067
122	886	ARG	25.396946
122	887	TRP	27.194044
122	888	ILE	27.082981
122	889	ASN	27.167486
122	890	ASP	29.07776
122	891	VAL	32.018208
122	892	GLU	33.812294
122	893	ASP	31.145056
122	894	SER	29.639074
122	895	TYR	25.968245
122	896	GLY	24.412464
122	897	GLN	23.052094
122	898	GLN	24.694838
122	899	TRP	23.758408
122	900	THR	20.595087
122	901	TYR	18.847864
122	902	GLU	20.79337
122	903	GLN	20.817282
122	904	ARG	17.539616
122	905	LYS	18.826815
122	906	ILE	20.680063
122	907	VAL	17.848055
122	908	GLU	15.190104
122	909	PHE	17.7537
122	910	THR	19.972782
122	911	CYS	20.161875
122	912	HIS	17.17439
122	913	THR	19.28833
122	914	PRO	22.616879
122	915	PHE	21.247892
122	916	PHE	19.795576
122	917	VAL	23.266562
122	918	THR	25.067585
122	919	ILE	23.53463
122	920	VAL	24.797207
122	921	VAL	28.003752
122	922	VAL	28.611776
122	923	GLN	27.787327
122	924	TRP	30.980244
122	925	ALA	33.48541
122	926	ASP	31.4819
122	927	LEU	31.852352
122	928	VAL	35.576653
122	929	ILE	36.225353
122	930	CYS	34.81903
122	931	LYS	36.71782
122	932	THR	39.699352
122	933	ARG	40.17466
122	934	ARG	43.60899
122	935	ASN	45.037174
122	936	SER	44.851166
122	937	VAL	43.16511
122	938	PHE	46.68135
122	939	GLN	49.111416
122	940	GLN	46.31781
122	941	GLY	45.170197
122	942	MET	42.53785
122	943	LYS	42.872932
122	944	ASN	39.64179
122	945	LYS	39.64387
122	946	ILE	36.311287
122	947	LEU	34.48116
122	948	ILE	35.925003
122	949	PHE	34.93436
122	950	GLY	31.30587
122	951	LEU	31.332245
122	952	PHE	31.678108
122	953	GLU	29.507515
122	954	GLU	26.78681
122	955	THR	27.800013
122	956	ALA	28.078407
122	957	LEU	24.775904
122	958	ALA	23.478725
122	959	ALA	25.229252
122	960	PHE	24.322956
122	961	LEU	20.676657
122	962	SER	21.64408
122	963	TYR	23.645031
122	964	CYS	22.224379
122	965	PRO	23.097116
122	966	GLY	20.117285
122	967	MET	17.16817
122	968	GLY	17.429653
122	969	VAL	15.195196
122	970	ALA	12.044486
122	971	LEU	13.785547
122	972	ARG	16.455015
122	973	MET	20.01692
122	974	TYR	23.816101
122	975	PRO	25.267223
122	976	LEU	29.020477
122	977	LYS	30.414484
122	978	PRO	33.530815
122	979	THR	31.79348
122	980	TRP	28.022833
122	981	TRP	28.586386
122	982	PHE	31.663414
122	983	CYS	30.09113
122	984	ALA	29.31781
122	985	PHE	32.4309
122	986	PRO	34.64823
122	987	TYR	32.779594
122	988	SER	32.54624
122	989	LEU	36.302204
122	990	LEU	36.73884
122	991	ILE	34.75892
122	992	PHE	37.157455
122	993	VAL	39.989468
122	994	TYR	39.085674
122	995	ASP	38.89519
122	996	GLU	41.619827
122	997	VAL	43.985912
122	998	ARG	43.11728
122	999	LYS	43.769
122	1000	LEU	47.063454
122	1001	ILE	47.27142
122	1002	ILE	46.708324
122	1003	ARG	49.636192
122	1004	ARG	52.422806
122	1005	ARG	52.11497
122	1006	PRO	51.688427
122	1007	GLY	51.79427
122	1008	GLY	49.276005
122	1009	TRP	48.37561
122	1010	VAL	45.017048
122	1011	GLU	43.714733
122	1012	LYS	44.76554
122	1013	GLU	44.149174
122	1014	THR	40.61795
122	1015	TYR	41.406372
122	1016	TYR	38.570408
122	2002	 MG	NA
122	2003	 RB	NA
122	2004	 RB	NA
122	2005	 RB	NA
122	2001	MF4	NA
