site1	site2	site2_aa	distance
111	19	ALA	57.594654
111	20	LYS	57.045406
111	21	LYS	55.05041
111	22	GLU	54.66214
111	23	ARG	57.363686
111	24	ASP	59.550846
111	25	MET	57.84872
111	26	ASP	57.65801
111	27	GLU	59.85984
111	28	LEU	63.136826
111	29	LYS	64.50836
111	30	LYS	65.54789
111	31	GLU	68.7568
111	32	VAL	70.82529
111	33	SER	74.17027
111	34	MET	74.92328
111	35	ASP	77.35885
111	36	ASP	80.5363
111	37	HIS	82.53773
111	38	LYS	85.20474
111	39	LEU	86.86297
111	40	SER	89.94564
111	41	LEU	89.52038
111	42	ASP	90.742325
111	43	GLU	87.923485
111	44	LEU	85.44922
111	45	HIS	86.7452
111	46	ARG	86.51798
111	47	LYS	82.98617
111	48	TYR	81.54556
111	49	GLY	84.30322
111	50	THR	84.83438
111	51	ASP	88.07234
111	52	LEU	88.25904
111	53	SER	89.6803
111	54	ARG	89.29909
111	55	GLY	85.63592
111	56	LEU	83.33068
111	57	THR	83.15889
111	58	PRO	80.49845
111	59	ALA	79.89167
111	60	ARG	79.4103
111	61	ALA	77.25374
111	62	ALA	74.37185
111	63	GLU	75.07952
111	64	ILE	73.732155
111	65	LEU	70.958496
111	66	ALA	69.31844
111	67	ARG	69.66057
111	68	ASP	68.85657
111	69	GLY	66.39782
111	70	PRO	66.7653
111	71	ASN	67.95573
111	72	ALA	64.87816
111	73	LEU	61.835926
111	74	THR	58.26107
111	75	PRO	55.303326
111	76	PRO	52.672146
111	77	PRO	49.95982
111	78	THR	47.317493
111	79	THR	45.28771
111	80	PRO	41.64893
111	81	GLU	39.794975
111	82	TRP	36.372013
111	83	VAL	36.584713
111	84	LYS	37.63071
111	85	PHE	35.02308
111	86	CYS	32.355694
111	87	ARG	33.3695
111	88	GLN	30.302618
111	89	LEU	28.495056
111	90	PHE	30.085594
111	91	GLY	31.304184
111	92	GLY	31.402199
111	93	PHE	28.169558
111	94	SER	26.107449
111	95	MET	25.22957
111	96	LEU	22.953066
111	97	LEU	21.854454
111	98	TRP	20.87242
111	99	ILE	19.463264
111	100	GLY	17.727327
111	101	ALA	16.519857
111	102	ILE	15.300355
111	103	LEU	13.573098
111	104	CYS	12.21535
111	105	PHE	11.588021
111	106	LEU	9.276879
111	107	ALA	7.3081155
111	108	TYR	6.247454
111	109	GLY	5.3942494
111	110	ILE	3.811293
111	111	GLN	0.0
111	112	ALA	3.809527
111	113	ALA	6.8490763
111	114	THR	7.28511
111	115	GLU	5.585493
111	116	GLU	8.427546
111	117	GLU	10.497693
111	118	PRO	7.957952
111	119	GLN	8.895447
111	120	ASN	12.320792
111	121	ASP	11.919537
111	122	ASN	10.810365
111	123	LEU	11.274436
111	124	TYR	14.616453
111	125	LEU	15.472447
111	126	GLY	14.949622
111	127	VAL	17.373497
111	128	VAL	19.53959
111	129	LEU	20.071901
111	130	SER	20.346909
111	131	ALA	23.326685
111	132	VAL	24.77588
111	133	VAL	25.414484
111	134	ILE	27.013323
111	135	ILE	29.165075
111	136	THR	29.911146
111	137	GLY	31.503222
111	138	CYS	33.884476
111	139	PHE	35.517326
111	140	SER	35.37283
111	141	TYR	37.146553
111	142	TYR	39.65023
111	143	GLN	40.922455
111	144	GLU	42.379013
111	145	ALA	43.577644
111	146	LYS	44.824852
111	147	SER	47.81806
111	148	SER	50.270653
111	149	LYS	53.31447
111	150	ILE	56.49469
111	151	MET	57.992992
111	152	GLU	57.59328
111	153	SER	60.70523
111	154	PHE	62.60578
111	155	LYS	62.539974
111	156	ASN	63.54221
111	157	MET	66.669106
111	158	VAL	68.33578
111	159	PRO	70.75684
111	160	GLN	70.19467
111	161	GLN	73.71514
111	162	ALA	76.22952
111	163	LEU	79.95691
111	164	VAL	80.864334
111	165	ILE	83.9125
111	166	ARG	83.826744
111	167	ASN	86.36684
111	168	GLY	88.878815
111	169	GLU	87.65692
111	170	LYS	85.2596
111	171	MET	82.14444
111	172	SER	78.96469
111	173	ILE	75.391045
111	174	ASN	71.71337
111	175	ALA	71.381516
111	176	GLU	68.688095
111	177	GLU	71.49654
111	178	VAL	73.58842
111	179	VAL	73.770355
111	180	VAL	75.060616
111	181	GLY	78.79945
111	182	ASP	80.27064
111	183	LEU	82.109085
111	184	VAL	81.09881
111	185	GLU	83.12962
111	186	VAL	81.72418
111	187	LYS	83.35063
111	188	GLY	82.82302
111	189	GLY	79.66316
111	190	ASP	77.47727
111	191	ARG	74.60174
111	192	ILE	75.49473
111	193	PRO	73.93222
111	194	ALA	73.09531
111	195	ASP	74.501114
111	196	LEU	78.14043
111	197	ARG	81.37337
111	198	ILE	84.063255
111	199	ILE	87.2283
111	200	SER	89.16558
111	201	ALA	88.96999
111	202	ASN	91.04343
111	203	GLY	90.19586
111	204	CYS	86.52724
111	205	LYS	84.277336
111	206	VAL	80.51501
111	207	ASP	77.9765
111	208	ASN	75.83321
111	209	SER	73.51377
111	210	SER	70.31479
111	211	LEU	71.51725
111	212	THR	73.968704
111	213	GLY	72.3153
111	214	GLU	75.86173
111	215	SER	77.14573
111	216	GLU	80.95092
111	217	PRO	81.98014
111	218	GLN	82.98275
111	219	THR	85.545654
111	220	ARG	85.577156
111	221	SER	88.43533
111	222	PRO	88.60872
111	223	ASP	89.62889
111	224	PHE	89.11247
111	225	THR	86.8522
111	226	ASN	85.284706
111	227	GLU	81.920044
111	228	ASN	81.48041
111	229	PRO	78.68374
111	230	LEU	77.30931
111	231	GLU	80.55663
111	232	THR	83.07326
111	233	ARG	84.61415
111	234	ASN	84.25913
111	235	ILE	80.51089
111	236	ALA	78.45341
111	237	PHE	74.707886
111	238	PHE	71.714005
111	239	SER	70.47141
111	240	THR	73.842445
111	241	ASN	76.29414
111	242	CYS	80.04923
111	243	VAL	81.60758
111	244	GLU	85.20241
111	245	GLY	87.556305
111	246	THR	86.54939
111	247	ALA	85.67203
111	248	ARG	84.941124
111	249	GLY	82.99046
111	250	ILE	81.057045
111	251	VAL	77.26963
111	252	VAL	76.58217
111	253	TYR	72.77964
111	254	THR	70.405785
111	255	GLY	67.173065
111	256	ASP	64.39068
111	257	ARG	67.19989
111	258	THR	69.33928
111	259	VAL	69.50614
111	260	MET	67.34737
111	261	GLY	65.13338
111	262	ARG	64.44278
111	263	ILE	63.526245
111	264	ALA	61.76756
111	265	THR	59.60952
111	266	LEU	59.33225
111	267	ALA	58.701675
111	268	SER	55.761215
111	269	GLY	54.019577
111	270	LEU	54.10394
111	271	GLU	51.18077
111	272	GLY	51.11952
111	273	GLY	47.820427
111	274	GLN	45.931416
111	275	THR	46.9182
111	276	PRO	47.44256
111	277	ILE	45.423767
111	278	ALA	42.718624
111	279	ALA	42.934055
111	280	GLU	42.42606
111	281	ILE	39.185455
111	282	GLU	38.4646
111	283	HIS	39.70827
111	284	PHE	37.487175
111	285	ILE	34.398743
111	286	HIS	34.427185
111	287	ILE	35.23416
111	288	ILE	32.448025
111	289	THR	30.113764
111	290	GLY	31.657572
111	291	VAL	30.112011
111	292	ALA	27.097807
111	293	VAL	26.02749
111	294	PHE	28.599762
111	295	LEU	26.268784
111	296	GLY	23.123676
111	297	VAL	22.7738
111	298	SER	25.096191
111	299	PHE	22.582096
111	300	PHE	19.658878
111	301	ILE	22.181599
111	302	LEU	24.56861
111	303	SER	21.903938
111	304	LEU	18.481289
111	305	ILE	20.677752
111	306	LEU	18.137625
111	307	GLU	18.809656
111	308	TYR	15.540831
111	309	THR	12.059128
111	310	TRP	11.152866
111	311	LEU	8.532051
111	312	GLU	11.645521
111	313	ALA	14.2880945
111	314	VAL	12.758256
111	315	ILE	12.330667
111	316	PHE	15.823925
111	317	LEU	16.853601
111	318	ILE	16.217897
111	319	GLY	18.190636
111	320	ILE	21.378466
111	321	ILE	21.29427
111	322	VAL	21.53315
111	323	ALA	23.782248
111	324	ASN	26.183533
111	325	VAL	26.881783
111	326	PRO	29.278042
111	327	GLU	27.698296
111	328	GLY	30.949306
111	329	LEU	33.81794
111	330	LEU	34.6704
111	331	ALA	34.40232
111	332	THR	36.81929
111	333	VAL	39.345127
111	334	THR	39.36431
111	335	VAL	40.612045
111	336	CYS	42.90803
111	337	LEU	44.448647
111	338	THR	44.54441
111	339	LEU	46.620586
111	340	THR	49.217922
111	341	ALA	49.66871
111	342	LYS	50.066315
111	343	ARG	52.420155
111	344	MET	54.775364
111	345	ALA	54.96784
111	346	ARG	56.65657
111	347	LYS	59.2241
111	348	ASN	58.955853
111	349	CYS	58.262623
111	350	LEU	55.26934
111	351	VAL	52.229477
111	352	LYS	50.482822
111	353	ASN	48.01068
111	354	LEU	46.351154
111	355	GLU	45.960957
111	356	ALA	49.668888
111	357	VAL	50.305313
111	358	GLU	49.34533
111	359	THR	51.026764
111	360	LEU	54.383465
111	361	GLY	54.08071
111	362	SER	53.029778
111	363	THR	56.079266
111	364	SER	58.73783
111	365	THR	61.192905
111	366	ILE	62.497433
111	367	CYS	64.25398
111	368	SER	66.489365
111	369	ASP	68.46776
111	370	LYS	71.8417
111	371	THR	73.111664
111	372	GLY	71.10814
111	373	THR	68.77593
111	374	LEU	70.9089
111	375	THR	74.08644
111	376	GLN	74.15419
111	377	ASN	75.69209
111	378	ARG	78.81636
111	379	MET	82.31875
111	380	THR	83.69248
111	381	VAL	87.08028
111	382	ALA	86.61987
111	383	HIS	90.1206
111	384	MET	93.74244
111	385	TRP	97.13052
111	386	SER	99.38584
111	387	ASP	102.37103
111	388	ASN	102.31452
111	389	GLN	99.109825
111	390	ILE	95.38596
111	391	HIS	92.92036
111	392	GLU	89.13885
111	393	ALA	87.12464
111	394	ASP	83.806595
111	395	THR	82.05438
111	396	THR	78.908676
111	397	GLU	77.188484
111	398	ASN	79.61772
111	399	GLN	79.3695
111	400	SER	81.58907
111	401	GLY	84.539635
111	402	VAL	86.62086
111	403	SER	89.6024
111	404	PHE	92.121704
111	405	ASP	95.15484
111	406	LYS	96.481316
111	407	THR	99.82472
111	408	SER	102.32595
111	409	ALA	104.01016
111	410	THR	103.2849
111	411	TRP	99.61249
111	412	LEU	100.79648
111	413	ALA	102.376144
111	414	LEU	99.64629
111	415	SER	97.44157
111	416	ARG	99.20356
111	417	ILE	99.63
111	418	ALA	95.90303
111	419	GLY	95.6437
111	420	LEU	98.40018
111	421	CYS	98.17127
111	422	ASN	94.70426
111	423	ARG	93.056885
111	424	ALA	89.91205
111	425	VAL	88.47332
111	426	PHE	85.2668
111	427	GLN	83.393654
111	428	ALA	82.010376
111	429	ASN	83.34127
111	430	GLN	81.04089
111	431	GLU	81.20428
111	432	ASN	78.65669
111	433	LEU	80.6805
111	434	PRO	78.991844
111	435	ILE	82.384026
111	436	LEU	80.69228
111	437	LYS	77.649704
111	438	ARG	79.87523
111	439	ALA	80.43957
111	440	VAL	83.06761
111	441	ALA	85.07221
111	442	GLY	87.295135
111	443	ASP	85.65878
111	444	ALA	84.34451
111	445	SER	87.67965
111	446	GLU	89.3562
111	447	SER	86.74389
111	448	ALA	86.09612
111	449	LEU	89.64234
111	450	LEU	89.579384
111	451	LYS	86.59397
111	452	CYS	88.246086
111	453	ILE	90.99632
111	454	GLU	88.955315
111	455	LEU	87.561966
111	456	CYS	91.16812
111	457	CYS	94.45609
111	458	GLY	93.220924
111	459	SER	92.32971
111	460	VAL	93.68714
111	461	LYS	93.74061
111	462	GLU	96.47397
111	463	MET	98.12565
111	464	ARG	98.07414
111	465	GLU	100.08627
111	466	ARG	102.19094
111	467	TYR	103.763245
111	468	THR	104.0385
111	469	LYS	103.671196
111	470	ILE	106.55554
111	471	VAL	105.83986
111	472	GLU	103.046524
111	473	ILE	102.73634
111	474	PRO	99.19992
111	475	PHE	96.79561
111	476	ASN	97.34743
111	477	SER	98.80262
111	478	THR	98.74303
111	479	ASN	101.8041
111	480	LYS	99.72584
111	481	TYR	100.23226
111	482	GLN	100.06368
111	483	LEU	102.60399
111	484	SER	103.716064
111	485	ILE	106.62819
111	486	HIS	106.13649
111	487	LYS	108.749
111	488	ASN	108.95674
111	489	PRO	109.34912
111	490	ASN	110.85534
111	491	THR	114.315384
111	492	ALA	116.15349
111	493	GLU	115.17538
111	494	PRO	114.74158
111	495	ARG	113.8534
111	496	HIS	111.7375
111	497	LEU	108.79211
111	498	LEU	107.2211
111	499	VAL	104.11701
111	500	MET	102.272385
111	501	LYS	99.37931
111	502	GLY	98.14955
111	503	ALA	97.50324
111	504	PRO	98.4129
111	505	GLU	100.84177
111	506	ARG	102.71859
111	507	ILE	103.099884
111	508	LEU	104.521645
111	509	ASP	106.96074
111	510	ARG	108.639786
111	511	CYS	109.442406
111	512	SER	112.276695
111	513	SER	111.33893
111	514	ILE	108.12168
111	515	LEU	107.26602
111	516	ILE	107.04137
111	517	HIS	106.15711
111	518	GLY	108.44556
111	519	LYS	111.51353
111	520	GLU	112.04617
111	521	GLN	113.144
111	522	PRO	113.73481
111	523	LEU	111.44407
111	524	ASP	112.45604
111	525	GLU	111.29991
111	526	GLU	110.107834
111	527	LEU	107.20187
111	528	LYS	106.57896
111	529	ASP	104.981575
111	530	ALA	102.66481
111	531	PHE	101.76262
111	532	GLN	100.65752
111	533	ASN	98.82681
111	534	ALA	96.9129
111	535	TYR	96.15856
111	536	LEU	94.91468
111	537	GLU	93.57589
111	538	LEU	91.49159
111	539	GLY	90.71088
111	540	GLY	89.08496
111	541	LEU	86.36944
111	542	GLY	85.83616
111	543	GLU	86.66783
111	544	ARG	88.96559
111	545	VAL	92.397194
111	546	LEU	94.9052
111	547	GLY	98.580345
111	548	PHE	99.92042
111	549	CYS	103.580444
111	550	HIS	105.91657
111	551	LEU	109.565895
111	552	PHE	111.88025
111	553	LEU	114.29868
111	554	PRO	117.81085
111	555	ASP	119.43242
111	556	GLU	122.928986
111	557	GLN	120.8964
111	558	PHE	118.474045
111	559	PRO	119.590454
111	560	GLU	117.014755
111	561	GLY	116.06682
111	562	PHE	116.8268
111	563	GLN	115.41278
111	564	PHE	112.73181
111	565	ASP	111.94937
111	566	THR	108.16675
111	567	ASP	107.30491
111	568	ASP	110.87685
111	569	VAL	112.68289
111	570	ASN	114.64872
111	571	PHE	113.90118
111	572	PRO	113.53264
111	573	LEU	110.59924
111	574	ASP	111.83142
111	575	ASN	113.14672
111	576	LEU	110.299416
111	577	CYS	108.68568
111	578	PHE	105.54382
111	579	VAL	103.387825
111	580	GLY	100.218506
111	581	LEU	96.9984
111	582	ILE	93.449844
111	583	SER	90.2818
111	584	MET	86.916664
111	585	ILE	83.49037
111	586	ASP	79.73621
111	587	PRO	78.95848
111	588	PRO	75.78264
111	589	ARG	73.55919
111	590	ALA	74.19761
111	591	ALA	71.25313
111	592	VAL	71.00635
111	593	PRO	73.83508
111	594	ASP	72.03694
111	595	ALA	68.43354
111	596	VAL	68.87801
111	597	GLY	70.22358
111	598	LYS	67.15868
111	599	CYS	64.84341
111	600	ARG	67.13749
111	601	SER	66.979324
111	602	ALA	63.333935
111	603	GLY	64.170525
111	604	ILE	62.97602
111	605	LYS	65.08316
111	606	VAL	66.412025
111	607	ILE	68.174805
111	608	MET	70.1468
111	609	VAL	69.13386
111	610	THR	71.82281
111	611	GLY	73.50722
111	612	ASP	76.557465
111	613	HIS	79.55964
111	614	PRO	80.14603
111	615	ILE	82.85721
111	616	THR	80.87739
111	617	ALA	77.52726
111	618	LYS	79.12991
111	619	ALA	81.32015
111	620	ILE	78.24822
111	621	ALA	76.16379
111	622	LYS	78.70092
111	623	GLY	78.68612
111	624	VAL	75.0139
111	625	GLY	74.81099
111	626	ILE	73.050804
111	627	ILE	76.06769
111	628	SER	78.2975
111	629	GLU	81.030495
111	630	GLY	81.450615
111	631	ASN	81.61106
111	632	GLU	81.984886
111	633	THR	84.59904
111	634	VAL	86.621124
111	635	GLU	87.52213
111	636	ASP	88.51699
111	637	ILE	91.5402
111	638	ALA	91.61051
111	639	ALA	92.89871
111	640	ARG	93.11064
111	641	LEU	93.86407
111	642	ASN	91.475365
111	643	ILE	87.88454
111	644	PRO	87.10814
111	645	VAL	89.268845
111	646	SER	88.38973
111	647	GLN	85.99909
111	648	VAL	83.00096
111	649	ASN	81.86368
111	650	PRO	82.28349
111	651	ARG	79.80768
111	652	ASP	81.64781
111	653	ALA	79.93291
111	654	LYS	76.635155
111	655	ALA	76.28069
111	656	CYS	77.308044
111	657	VAL	77.272316
111	658	VAL	75.85039
111	659	HIS	77.049
111	660	GLY	74.63182
111	661	SER	77.361786
111	662	ASP	76.72858
111	663	LEU	72.929
111	664	LYS	73.02307
111	665	ASP	74.43623
111	666	MET	72.054825
111	667	THR	69.25276
111	668	SER	65.85152
111	669	GLU	67.15592
111	670	GLN	70.51899
111	671	LEU	68.7698
111	672	ASP	66.72068
111	673	ASP	70.00588
111	674	ILE	71.64875
111	675	LEU	68.458176
111	676	LYS	67.66594
111	677	TYR	71.07911
111	678	HIS	72.42857
111	679	THR	71.52705
111	680	GLU	73.572395
111	681	ILE	71.08242
111	682	VAL	72.92077
111	683	PHE	72.88644
111	684	ALA	75.02582
111	685	ARG	75.56239
111	686	THR	72.176834
111	687	SER	70.53583
111	688	PRO	67.03475
111	689	GLN	65.51039
111	690	GLN	67.37166
111	691	LYS	65.7849
111	692	LEU	62.42309
111	693	ILE	63.64521
111	694	ILE	64.88173
111	695	VAL	61.598927
111	696	GLU	59.818348
111	697	GLY	62.25182
111	698	CYS	61.5047
111	699	GLN	57.7695
111	700	ARG	58.10643
111	701	GLN	59.22975
111	702	GLY	55.807602
111	703	ALA	56.48172
111	704	ILE	55.279545
111	705	VAL	57.950348
111	706	ALA	58.37951
111	707	VAL	60.79414
111	708	THR	62.82275
111	709	GLY	64.49226
111	710	ASP	66.0274
111	711	GLY	67.29809
111	712	VAL	65.53873
111	713	ASN	67.026825
111	714	ASP	64.27714
111	715	SER	61.31686
111	716	PRO	60.356884
111	717	ALA	60.802303
111	718	SER	58.91346
111	719	LYS	55.86075
111	720	LYS	55.89309
111	721	ALA	56.54071
111	722	ASP	53.547447
111	723	ILE	54.35341
111	724	GLY	56.83583
111	725	VAL	59.052097
111	726	ALA	60.832726
111	727	MET	63.67876
111	728	GLY	62.93993
111	729	ILE	66.34047
111	730	ALA	68.22246
111	731	GLY	65.62276
111	732	SER	65.161385
111	733	ASP	62.624966
111	734	VAL	60.95489
111	735	SER	61.491913
111	736	LYS	59.132755
111	737	GLN	56.638737
111	738	ALA	56.38178
111	739	ALA	56.27215
111	740	ASP	53.482487
111	741	MET	55.59921
111	742	ILE	58.20471
111	743	LEU	60.91493
111	744	LEU	62.124336
111	745	ASP	65.11901
111	746	ASP	66.06036
111	747	ASN	66.4513
111	748	PHE	66.03978
111	749	ALA	65.39265
111	750	SER	61.807255
111	751	ILE	61.072636
111	752	VAL	61.6593
111	753	THR	59.975624
111	754	GLY	57.04708
111	755	VAL	57.190975
111	756	GLU	57.138847
111	757	GLU	54.434128
111	758	GLY	52.437656
111	759	ARG	53.0798
111	760	LEU	52.04949
111	761	ILE	48.495903
111	762	PHE	48.051506
111	763	ASP	48.410854
111	764	ASN	47.030598
111	765	LEU	43.830387
111	766	LYS	43.38683
111	767	LYS	43.76467
111	768	SER	41.406822
111	769	ILE	38.922962
111	770	ALA	39.381973
111	771	TYR	38.449917
111	772	THR	35.652508
111	773	LEU	33.842205
111	774	THR	35.3835
111	775	SER	32.74877
111	776	ASN	30.238945
111	777	ILE	30.888224
111	778	PRO	30.193686
111	779	GLU	26.815376
111	780	ILE	25.890316
111	781	THR	27.285265
111	782	PRO	24.810022
111	783	PHE	21.835783
111	784	LEU	24.429134
111	785	ILE	25.700705
111	786	PHE	22.186527
111	787	ILE	22.01286
111	788	ILE	25.577703
111	789	ALA	25.493029
111	790	ASN	22.153425
111	791	ILE	23.988554
111	792	PRO	21.35826
111	793	LEU	20.327879
111	794	PRO	23.798101
111	795	LEU	23.187735
111	796	GLY	20.180626
111	797	THR	18.79159
111	798	VAL	19.186201
111	799	THR	22.446505
111	800	ILE	23.669657
111	801	LEU	23.64025
111	802	CYS	26.399534
111	803	ILE	29.144749
111	804	ASP	30.093496
111	805	LEU	28.862125
111	806	GLY	29.894772
111	807	THR	32.347393
111	808	ASP	34.516865
111	809	MET	34.88187
111	810	VAL	38.39266
111	811	PRO	39.674248
111	812	ALA	38.897903
111	813	ILE	40.67651
111	814	SER	43.339535
111	815	LEU	44.187534
111	816	ALA	45.49219
111	817	TYR	48.192516
111	818	GLU	49.478134
111	819	GLN	53.00594
111	820	ALA	54.995804
111	821	GLU	55.835922
111	822	SER	59.126736
111	823	ASP	61.617672
111	824	ILE	58.9131
111	825	MET	61.36293
111	826	LYS	63.001236
111	827	ARG	60.599747
111	828	GLN	60.481037
111	829	PRO	57.798546
111	830	ARG	54.467854
111	831	ASN	54.296127
111	832	PRO	51.086163
111	833	LYS	50.548447
111	834	THR	50.80765
111	835	ASP	50.281086
111	836	LYS	46.690254
111	837	LEU	44.53306
111	838	VAL	41.63958
111	839	ASN	42.466774
111	840	GLU	42.70362
111	841	GLN	45.193398
111	842	LEU	42.432224
111	843	ILE	39.22986
111	844	SER	41.049057
111	845	MET	42.261467
111	846	ALA	38.981663
111	847	TYR	36.243275
111	848	GLY	38.1523
111	849	GLN	40.343735
111	850	ILE	39.353554
111	851	GLY	35.65331
111	852	MET	35.988068
111	853	ILE	38.202965
111	854	GLN	35.79837
111	855	ALA	32.97142
111	856	LEU	34.724693
111	857	GLY	35.54193
111	858	GLY	32.046238
111	859	PHE	30.96192
111	860	PHE	33.948925
111	861	THR	33.021404
111	862	TYR	29.598995
111	863	PHE	31.46973
111	864	VAL	33.87178
111	865	ILE	30.980257
111	866	LEU	29.877312
111	867	ALA	33.43413
111	868	GLU	34.874958
111	869	ASN	32.034172
111	870	GLY	31.150635
111	871	PHE	32.276
111	872	LEU	31.29396
111	873	PRO	33.491886
111	874	ILE	33.719025
111	875	HIS	30.679403
111	876	LEU	27.105082
111	877	LEU	25.70341
111	878	GLY	22.723602
111	879	LEU	19.00829
111	880	ARG	18.338797
111	881	VAL	15.523669
111	882	ASN	14.751799
111	883	TRP	14.021849
111	884	ASP	17.635984
111	885	ASP	19.34695
111	886	ARG	22.895666
111	887	TRP	23.595058
111	888	ILE	24.625986
111	889	ASN	26.215084
111	890	ASP	28.985085
111	891	VAL	32.56181
111	892	GLU	33.79368
111	893	ASP	30.987684
111	894	SER	28.61903
111	895	TYR	25.662214
111	896	GLY	23.027958
111	897	GLN	21.398891
111	898	GLN	24.392004
111	899	TRP	24.251642
111	900	THR	20.491978
111	901	TYR	19.64915
111	902	GLU	22.701336
111	903	GLN	22.344334
111	904	ARG	20.484028
111	905	LYS	22.818895
111	906	ILE	25.052597
111	907	VAL	23.203379
111	908	GLU	21.114628
111	909	PHE	24.016733
111	910	THR	26.229559
111	911	CYS	26.526272
111	912	HIS	24.622242
111	913	THR	27.243992
111	914	PRO	30.246422
111	915	PHE	29.105274
111	916	PHE	28.628803
111	917	VAL	32.159584
111	918	THR	33.59218
111	919	ILE	32.589954
111	920	VAL	34.390175
111	921	VAL	37.20529
111	922	VAL	37.70966
111	923	GLN	37.469643
111	924	TRP	40.76437
111	925	ALA	43.02582
111	926	ASP	41.120193
111	927	LEU	41.9425
111	928	VAL	45.5626
111	929	ILE	45.88313
111	930	CYS	44.67712
111	931	LYS	46.884174
111	932	THR	49.681908
111	933	ARG	49.873108
111	934	ARG	53.16746
111	935	ASN	54.78381
111	936	SER	54.512848
111	937	VAL	53.07466
111	938	PHE	56.529552
111	939	GLN	59.081005
111	940	GLN	56.473297
111	941	GLY	55.54666
111	942	MET	52.878235
111	943	LYS	53.416183
111	944	ASN	50.272038
111	945	LYS	50.32227
111	946	ILE	47.054104
111	947	LEU	45.11423
111	948	ILE	46.410603
111	949	PHE	45.477497
111	950	GLY	41.8891
111	951	LEU	41.69778
111	952	PHE	41.879047
111	953	GLU	39.89648
111	954	GLU	37.126904
111	955	THR	37.70741
111	956	ALA	37.89309
111	957	LEU	34.77369
111	958	ALA	33.17987
111	959	ALA	34.37048
111	960	PHE	33.549877
111	961	LEU	30.027233
111	962	SER	30.251047
111	963	TYR	31.71736
111	964	CYS	30.5497
111	965	PRO	30.39094
111	966	GLY	27.143427
111	967	MET	25.183414
111	968	GLY	25.111921
111	969	VAL	21.905197
111	970	ALA	20.029018
111	971	LEU	22.220913
111	972	ARG	24.231335
111	973	MET	27.125341
111	974	TYR	30.787539
111	975	PRO	32.279827
111	976	LEU	35.749588
111	977	LYS	37.968353
111	978	PRO	40.784145
111	979	THR	38.87516
111	980	TRP	35.1502
111	981	TRP	36.57735
111	982	PHE	39.562305
111	983	CYS	37.484512
111	984	ALA	37.284004
111	985	PHE	40.713676
111	986	PRO	42.461998
111	987	TYR	40.812836
111	988	SER	41.28695
111	989	LEU	44.914394
111	990	LEU	44.9698
111	991	ILE	43.42673
111	992	PHE	46.23274
111	993	VAL	48.676624
111	994	TYR	47.54905
111	995	ASP	47.743637
111	996	GLU	50.7011
111	997	VAL	52.678047
111	998	ARG	51.743828
111	999	LYS	52.85992
111	1000	LEU	56.07357
111	1001	ILE	55.86733
111	1002	ILE	55.46724
111	1003	ARG	58.6373
111	1004	ARG	61.193077
111	1005	ARG	60.620247
111	1006	PRO	60.459404
111	1007	GLY	60.245476
111	1008	GLY	57.543728
111	1009	TRP	56.15022
111	1010	VAL	52.570473
111	1011	GLU	51.79768
111	1012	LYS	53.151447
111	1013	GLU	52.094654
111	1014	THR	48.70354
111	1015	TYR	50.046783
111	1016	TYR	47.48603
111	2002	 MG	NA
111	2003	 RB	NA
111	2004	 RB	NA
111	2005	 RB	NA
111	2001	MF4	NA
